<?xml version="1.0" encoding="UTF-8"?>
<!-- Generated by org.testng.reporters.JUnitXMLReporter -->
<testsuite ignored="0" hostname="ALVEO20" failures="0" tests="3" name="Amazon Test" time="13.535" errors="0" timestamp="27 Sep 2022 16:48:16 GMT">
  <testcase classname="testcases.AmazonTest" name="searchTest" time="0.591"/>
  <testcase classname="testcases.AmazonTest" name="logoTest" time="0.067"/>
  <testcase classname="testcases.AmazonTest" name="pageTitleTest" time="0.012"/>
</testsuite> <!-- Amazon Test -->
