<?xml version="1.0" encoding="UTF-8"?>
<!-- Generated by org.testng.reporters.JUnitXMLReporter -->
<testsuite ignored="0" hostname="ALVEO20" failures="1" tests="2" name="Google Test" time="17.667" errors="0" timestamp="27 Sep 2022 16:48:02 GMT">
  <testcase classname="testcases.GoogleTest" name="searchTest" time="0.078">
    <failure type="java.lang.AssertionError" message="expected [false] but found [true]">
      <![CDATA[java.lang.AssertionError: expected [false] but found [true]
at testcases.GoogleTest.searchTest(GoogleTest.java:13)
... Removed 31 stack frames]]>
    </failure>
  </testcase> <!-- searchTest -->
  <testcase classname="testcases.GoogleTest" name="pageTitleTest" time="0.018"/>
</testsuite> <!-- Google Test -->
