<?xml version="1.0" encoding="UTF-8"?>
<!-- Generated by org.testng.reporters.JUnitXMLReporter -->
<testsuite ignored="0" hostname="ALVEO20" failures="0" tests="5" name="Default test" time="14.341" errors="0" timestamp="02 Oct 2022 05:43:33 GMT">
  <testcase classname="seleniumsessions.AssignmentPrac" name="searchProduct" time="0.961"/>
  <testcase classname="seleniumsessions.AssignmentPrac" name="searchProduct" time="0.763"/>
  <testcase classname="seleniumsessions.AssignmentPrac" name="searchProduct" time="0.763"/>
  <testcase classname="seleniumsessions.AssignmentPrac" name="searchProduct" time="0.771"/>
  <testcase classname="seleniumsessions.AssignmentPrac" name="searchProduct" time="0.703"/>
</testsuite> <!-- Default test -->
