<?xml version="1.0" encoding="UTF-8"?>
<testng-results ignored="0" total="5" passed="5" failed="0" skipped="0">
  <reporter-output>
  </reporter-output>
  <suite started-at="2022-10-02T05:43:19Z" name="Default suite" finished-at="2022-10-02T05:43:33Z" duration-ms="14341">
    <groups>
    </groups>
    <test started-at="2022-10-02T05:43:19Z" name="Default test" finished-at="2022-10-02T05:43:33Z" duration-ms="14341">
      <class name="seleniumsessions.AssignmentPrac">
        <test-method is-config="true" signature="setup()[pri:0, instance:seleniumsessions.AssignmentPrac@1fb700ee]" started-at="2022-10-02T05:43:19Z" name="setup" finished-at="2022-10-02T05:43:28Z" duration-ms="9267" status="PASS">
          <reporter-output>
          </reporter-output>
        </test-method> <!-- setup -->
        <test-method signature="searchProduct(java.lang.String, java.lang.String)[pri:0, instance:seleniumsessions.AssignmentPrac@1fb700ee]" started-at="2022-10-02T05:43:28Z" name="searchProduct" data-provider="getData" finished-at="2022-10-02T05:43:29Z" duration-ms="961" status="PASS">
          <params>
            <param index="0">
              <value>
                <![CDATA[testwert@gmail.com]]>
              </value>
            </param>
            <param index="1">
              <value>
                <![CDATA[test!!!2233]]>
              </value>
            </param>
          </params>
          <reporter-output>
          </reporter-output>
        </test-method> <!-- searchProduct -->
        <test-method signature="searchProduct(java.lang.String, java.lang.String)[pri:0, instance:seleniumsessions.AssignmentPrac@1fb700ee]" started-at="2022-10-02T05:43:29Z" name="searchProduct" data-provider="getData" finished-at="2022-10-02T05:43:30Z" duration-ms="763" status="PASS">
          <params>
            <param index="0">
              <value>
                <![CDATA[naveenanimation20@gmail.com]]>
              </value>
            </param>
            <param index="1">
              <value>
                <![CDATA[@#@#@#]]>
              </value>
            </param>
          </params>
          <reporter-output>
          </reporter-output>
        </test-method> <!-- searchProduct -->
        <test-method signature="searchProduct(java.lang.String, java.lang.String)[pri:0, instance:seleniumsessions.AssignmentPrac@1fb700ee]" started-at="2022-10-02T05:43:30Z" name="searchProduct" data-provider="getData" finished-at="2022-10-02T05:43:30Z" duration-ms="763" status="PASS">
          <params>
            <param index="0">
              <value>
                <![CDATA[    ]]>
              </value>
            </param>
            <param index="1">
              <value>
                <![CDATA[test@123]]>
              </value>
            </param>
          </params>
          <reporter-output>
          </reporter-output>
        </test-method> <!-- searchProduct -->
        <test-method signature="searchProduct(java.lang.String, java.lang.String)[pri:0, instance:seleniumsessions.AssignmentPrac@1fb700ee]" started-at="2022-10-02T05:43:30Z" name="searchProduct" data-provider="getData" finished-at="2022-10-02T05:43:31Z" duration-ms="771" status="PASS">
          <params>
            <param index="0">
              <value>
                <![CDATA[test@gmail.@.com]]>
              </value>
            </param>
            <param index="1">
              <value>
                <![CDATA[test@121212]]>
              </value>
            </param>
          </params>
          <reporter-output>
          </reporter-output>
        </test-method> <!-- searchProduct -->
        <test-method signature="searchProduct(java.lang.String, java.lang.String)[pri:0, instance:seleniumsessions.AssignmentPrac@1fb700ee]" started-at="2022-10-02T05:43:31Z" name="searchProduct" data-provider="getData" finished-at="2022-10-02T05:43:32Z" duration-ms="703" status="PASS">
          <params>
            <param index="0">
              <value>
                <![CDATA[    ]]>
              </value>
            </param>
            <param index="1">
              <value>
                <![CDATA[   ]]>
              </value>
            </param>
          </params>
          <reporter-output>
          </reporter-output>
        </test-method> <!-- searchProduct -->
        <test-method is-config="true" signature="tearDown()[pri:0, instance:seleniumsessions.AssignmentPrac@1fb700ee]" started-at="2022-10-02T05:43:32Z" name="tearDown" finished-at="2022-10-02T05:43:33Z" duration-ms="1057" status="PASS">
          <reporter-output>
          </reporter-output>
        </test-method> <!-- tearDown -->
      </class> <!-- seleniumsessions.AssignmentPrac -->
    </test> <!-- Default test -->
  </suite> <!-- Default suite -->
</testng-results>
